<<<<<<< HEAD
This is pdfTeX, Version 3.1415926-2.3-1.40.12 (MiKTeX 2.9 64-bit) (preloaded format=pdflatex 2012.9.8)  15 FEB 2013 03:29
entering extended mode
**C:/Users/Alisa/Documents/GitHub/spring2013/hw1/cs181hw1.tex
(C:/Users/Alisa/Documents/GitHub/spring2013/hw1/cs181hw1.tex
LaTeX2e <2011/06/27>
Babel <v3.8m> and hyphenation patterns for english, afrikaans, ancientgreek, ar
abic, armenian, assamese, basque, bengali, bokmal, bulgarian, catalan, coptic, 
croatian, czech, danish, dutch, esperanto, estonian, farsi, finnish, french, ga
lician, german, german-x-2009-06-19, greek, gujarati, hindi, hungarian, iceland
ic, indonesian, interlingua, irish, italian, kannada, kurmanji, lao, latin, lat
vian, lithuanian, malayalam, marathi, mongolian, mongolianlmc, monogreek, ngerm
an, ngerman-x-2009-06-19, nynorsk, oriya, panjabi, pinyin, polish, portuguese, 
romanian, russian, sanskrit, serbian, slovak, slovenian, spanish, swedish, swis
sgerman, tamil, telugu, turkish, turkmen, ukenglish, ukrainian, uppersorbian, u
senglishmax, welsh, loaded.
("C:\Program Files\MiKTeX 2.9\tex\latex\base\article.cls"
Document Class: article 2007/10/19 v1.4h Standard LaTeX document class
("C:\Program Files\MiKTeX 2.9\tex\latex\base\size11.clo"
=======
This is pdfTeX, Version 3.1415926-2.4-1.40.13 (TeX Live 2012/Debian) (format=pdflatex 2013.2.9)  15 FEB 2013 03:27
entering extended mode
 restricted \write18 enabled.
 %&-line parsing enabled.
**cs181hw1.tex
(./cs181hw1.tex
LaTeX2e <2011/06/27>
Babel <v3.8m> and hyphenation patterns for english, dumylang, nohyphenation, lo
aded.
(/usr/share/texlive/texmf-dist/tex/latex/base/article.cls
Document Class: article 2007/10/19 v1.4h Standard LaTeX document class
(/usr/share/texlive/texmf-dist/tex/latex/base/size11.clo
>>>>>>> b810515d4539959da4e5c4d8a808ed1d805260ae
File: size11.clo 2007/10/19 v1.4h Standard LaTeX file (size option)
)
\c@part=\count79
\c@section=\count80
\c@subsection=\count81
\c@subsubsection=\count82
\c@paragraph=\count83
\c@subparagraph=\count84
\c@figure=\count85
\c@table=\count86
\abovecaptionskip=\skip41
\belowcaptionskip=\skip42
\bibindent=\dimen102
)
<<<<<<< HEAD
("C:\Program Files\MiKTeX 2.9\tex\latex\base\latexsym.sty"
=======
(/usr/share/texlive/texmf-dist/tex/latex/base/latexsym.sty
>>>>>>> b810515d4539959da4e5c4d8a808ed1d805260ae
Package: latexsym 1998/08/17 v2.2e Standard LaTeX package (lasy symbols)
\symlasy=\mathgroup4
LaTeX Font Info:    Overwriting symbol font `lasy' in version `bold'
(Font)                  U/lasy/m/n --> U/lasy/b/n on input line 47.
)
<<<<<<< HEAD
("C:\Program Files\MiKTeX 2.9\tex\latex\amsfonts\amssymb.sty"
Package: amssymb 2009/06/22 v3.00

("C:\Program Files\MiKTeX 2.9\tex\latex\amsfonts\amsfonts.sty"
=======
(/usr/share/texlive/texmf-dist/tex/latex/amsfonts/amssymb.sty
Package: amssymb 2009/06/22 v3.00

(/usr/share/texlive/texmf-dist/tex/latex/amsfonts/amsfonts.sty
>>>>>>> b810515d4539959da4e5c4d8a808ed1d805260ae
Package: amsfonts 2009/06/22 v3.00 Basic AMSFonts support
\@emptytoks=\toks14
\symAMSa=\mathgroup5
\symAMSb=\mathgroup6
LaTeX Font Info:    Overwriting math alphabet `\mathfrak' in version `bold'
(Font)                  U/euf/m/n --> U/euf/b/n on input line 96.
))
<<<<<<< HEAD
("C:\Program Files\MiKTeX 2.9\tex\latex\ams\math\amsmath.sty"
=======
(/usr/share/texlive/texmf-dist/tex/latex/amsmath/amsmath.sty
>>>>>>> b810515d4539959da4e5c4d8a808ed1d805260ae
Package: amsmath 2000/07/18 v2.13 AMS math features
\@mathmargin=\skip43

For additional information on amsmath, use the `?' option.
<<<<<<< HEAD
("C:\Program Files\MiKTeX 2.9\tex\latex\ams\math\amstext.sty"
Package: amstext 2000/06/29 v2.01

("C:\Program Files\MiKTeX 2.9\tex\latex\ams\math\amsgen.sty"
=======
(/usr/share/texlive/texmf-dist/tex/latex/amsmath/amstext.sty
Package: amstext 2000/06/29 v2.01

(/usr/share/texlive/texmf-dist/tex/latex/amsmath/amsgen.sty
>>>>>>> b810515d4539959da4e5c4d8a808ed1d805260ae
File: amsgen.sty 1999/11/30 v2.0
\@emptytoks=\toks15
\ex@=\dimen103
))
<<<<<<< HEAD
("C:\Program Files\MiKTeX 2.9\tex\latex\ams\math\amsbsy.sty"
Package: amsbsy 1999/11/29 v1.2d
\pmbraise@=\dimen104
)
("C:\Program Files\MiKTeX 2.9\tex\latex\ams\math\amsopn.sty"
=======
(/usr/share/texlive/texmf-dist/tex/latex/amsmath/amsbsy.sty
Package: amsbsy 1999/11/29 v1.2d
\pmbraise@=\dimen104
)
(/usr/share/texlive/texmf-dist/tex/latex/amsmath/amsopn.sty
>>>>>>> b810515d4539959da4e5c4d8a808ed1d805260ae
Package: amsopn 1999/12/14 v2.01 operator names
)
\inf@bad=\count87
LaTeX Info: Redefining \frac on input line 211.
\uproot@=\count88
\leftroot@=\count89
LaTeX Info: Redefining \overline on input line 307.
\classnum@=\count90
\DOTSCASE@=\count91
LaTeX Info: Redefining \ldots on input line 379.
LaTeX Info: Redefining \dots on input line 382.
LaTeX Info: Redefining \cdots on input line 467.
\Mathstrutbox@=\box26
\strutbox@=\box27
\big@size=\dimen105
LaTeX Font Info:    Redeclaring font encoding OML on input line 567.
LaTeX Font Info:    Redeclaring font encoding OMS on input line 568.
\macc@depth=\count92
\c@MaxMatrixCols=\count93
\dotsspace@=\muskip10
\c@parentequation=\count94
\dspbrk@lvl=\count95
\tag@help=\toks16
\row@=\count96
\column@=\count97
\maxfields@=\count98
\andhelp@=\toks17
\eqnshift@=\dimen106
\alignsep@=\dimen107
\tagshift@=\dimen108
\tagwidth@=\dimen109
\totwidth@=\dimen110
\lineht@=\dimen111
\@envbody=\toks18
\multlinegap=\skip44
\multlinetaggap=\skip45
\mathdisplay@stack=\toks19
LaTeX Info: Redefining \[ on input line 2666.
LaTeX Info: Redefining \] on input line 2667.
)
<<<<<<< HEAD
("C:\Program Files\MiKTeX 2.9\tex\latex\graphics\graphicx.sty"
Package: graphicx 1999/02/16 v1.0f Enhanced LaTeX Graphics (DPC,SPQR)

("C:\Program Files\MiKTeX 2.9\tex\latex\graphics\keyval.sty"
Package: keyval 1999/03/16 v1.13 key=value parser (DPC)
\KV@toks@=\toks20
)
("C:\Program Files\MiKTeX 2.9\tex\latex\graphics\graphics.sty"
Package: graphics 2009/02/05 v1.0o Standard LaTeX Graphics (DPC,SPQR)

("C:\Program Files\MiKTeX 2.9\tex\latex\graphics\trig.sty"
Package: trig 1999/03/16 v1.09 sin cos tan (DPC)
)
("C:\Program Files\MiKTeX 2.9\tex\latex\00miktex\graphics.cfg"
File: graphics.cfg 2007/01/18 v1.5 graphics configuration of teTeX/TeXLive
)
Package graphics Info: Driver file: pdftex.def on input line 91.

("C:\Program Files\MiKTeX 2.9\tex\latex\pdftex-def\pdftex.def"
File: pdftex.def 2011/05/27 v0.06d Graphics/color for pdfTeX

("C:\Program Files\MiKTeX 2.9\tex\generic\oberdiek\infwarerr.sty"
Package: infwarerr 2010/04/08 v1.3 Providing info/warning/error messages (HO)
)
("C:\Program Files\MiKTeX 2.9\tex\generic\oberdiek\ltxcmds.sty"
=======
(/usr/share/texlive/texmf-dist/tex/latex/graphics/graphicx.sty
Package: graphicx 1999/02/16 v1.0f Enhanced LaTeX Graphics (DPC,SPQR)

(/usr/share/texlive/texmf-dist/tex/latex/graphics/keyval.sty
Package: keyval 1999/03/16 v1.13 key=value parser (DPC)
\KV@toks@=\toks20
)
(/usr/share/texlive/texmf-dist/tex/latex/graphics/graphics.sty
Package: graphics 2009/02/05 v1.0o Standard LaTeX Graphics (DPC,SPQR)

(/usr/share/texlive/texmf-dist/tex/latex/graphics/trig.sty
Package: trig 1999/03/16 v1.09 sin cos tan (DPC)
)
(/usr/share/texlive/texmf-dist/tex/latex/latexconfig/graphics.cfg
File: graphics.cfg 2010/04/23 v1.9 graphics configuration of TeX Live
)
Package graphics Info: Driver file: pdftex.def on input line 91.

(/usr/share/texlive/texmf-dist/tex/latex/pdftex-def/pdftex.def
File: pdftex.def 2011/05/27 v0.06d Graphics/color for pdfTeX

(/usr/share/texlive/texmf-dist/tex/generic/oberdiek/infwarerr.sty
Package: infwarerr 2010/04/08 v1.3 Providing info/warning/error messages (HO)
)
(/usr/share/texlive/texmf-dist/tex/generic/oberdiek/ltxcmds.sty
>>>>>>> b810515d4539959da4e5c4d8a808ed1d805260ae
Package: ltxcmds 2011/11/09 v1.22 LaTeX kernel commands for general use (HO)
)
\Gread@gobject=\count99
))
\Gin@req@height=\dimen112
\Gin@req@width=\dimen113
)
<<<<<<< HEAD
(C:\Users\Alisa\Documents\GitHub\spring2013\hw1\cs181hw1.aux)
=======
(./cs181hw1.aux)
\openout1 = `cs181hw1.aux'.

>>>>>>> b810515d4539959da4e5c4d8a808ed1d805260ae
LaTeX Font Info:    Checking defaults for OML/cmm/m/it on input line 10.
LaTeX Font Info:    ... okay on input line 10.
LaTeX Font Info:    Checking defaults for T1/cmr/m/n on input line 10.
LaTeX Font Info:    ... okay on input line 10.
LaTeX Font Info:    Checking defaults for OT1/cmr/m/n on input line 10.
LaTeX Font Info:    ... okay on input line 10.
LaTeX Font Info:    Checking defaults for OMS/cmsy/m/n on input line 10.
LaTeX Font Info:    ... okay on input line 10.
LaTeX Font Info:    Checking defaults for OMX/cmex/m/n on input line 10.
LaTeX Font Info:    ... okay on input line 10.
LaTeX Font Info:    Checking defaults for U/cmr/m/n on input line 10.
LaTeX Font Info:    ... okay on input line 10.
<<<<<<< HEAD

("C:\Program Files\MiKTeX 2.9\tex\context\base\supp-pdf.mkii"
=======
 (/usr/share/texlive/texmf-dist/tex/context/base/supp-pdf.mkii
>>>>>>> b810515d4539959da4e5c4d8a808ed1d805260ae
[Loading MPS to PDF converter (version 2006.09.02).]
\scratchcounter=\count100
\scratchdimen=\dimen114
\scratchbox=\box28
\nofMPsegments=\count101
\nofMParguments=\count102
\everyMPshowfont=\toks21
\MPscratchCnt=\count103
\MPscratchDim=\dimen115
\MPnumerator=\count104
\makeMPintoPDFobject=\count105
\everyMPtoPDFconversion=\toks22
<<<<<<< HEAD
)
=======
) (/usr/share/texlive/texmf-dist/tex/generic/oberdiek/pdftexcmds.sty
Package: pdftexcmds 2011/11/29 v0.20 Utility functions of pdfTeX for LuaTeX (HO
)

(/usr/share/texlive/texmf-dist/tex/generic/oberdiek/ifluatex.sty
Package: ifluatex 2010/03/01 v1.3 Provides the ifluatex switch (HO)
Package ifluatex Info: LuaTeX not detected.
)
(/usr/share/texlive/texmf-dist/tex/generic/oberdiek/ifpdf.sty
Package: ifpdf 2011/01/30 v2.3 Provides the ifpdf switch (HO)
Package ifpdf Info: pdfTeX in PDF mode is detected.
)
Package pdftexcmds Info: LuaTeX not detected.
Package pdftexcmds Info: \pdf@primitive is available.
Package pdftexcmds Info: \pdf@ifprimitive is available.
Package pdftexcmds Info: \pdfdraftmode found.
)
(/usr/share/texlive/texmf-dist/tex/latex/oberdiek/epstopdf-base.sty
Package: epstopdf-base 2010/02/09 v2.5 Base part for package epstopdf

(/usr/share/texlive/texmf-dist/tex/latex/oberdiek/grfext.sty
Package: grfext 2010/08/19 v1.1 Manage graphics extensions (HO)

(/usr/share/texlive/texmf-dist/tex/generic/oberdiek/kvdefinekeys.sty
Package: kvdefinekeys 2011/04/07 v1.3 Define keys (HO)
))
(/usr/share/texlive/texmf-dist/tex/latex/oberdiek/kvoptions.sty
Package: kvoptions 2011/06/30 v3.11 Key value format for package options (HO)

(/usr/share/texlive/texmf-dist/tex/generic/oberdiek/kvsetkeys.sty
Package: kvsetkeys 2012/04/25 v1.16 Key value parser (HO)

(/usr/share/texlive/texmf-dist/tex/generic/oberdiek/etexcmds.sty
Package: etexcmds 2011/02/16 v1.5 Avoid name clashes with e-TeX commands (HO)
Package etexcmds Info: Could not find \expanded.
(etexcmds)             That can mean that you are not using pdfTeX 1.50 or
(etexcmds)             that some package has redefined \expanded.
(etexcmds)             In the latter case, load this package earlier.
)))
Package grfext Info: Graphics extension search list:
(grfext)             [.png,.pdf,.jpg,.mps,.jpeg,.jbig2,.jb2,.PNG,.PDF,.JPG,.JPE
G,.JBIG2,.JB2,.eps]
(grfext)             \AppendGraphicsExtensions on input line 452.

(/usr/share/texlive/texmf-dist/tex/latex/latexconfig/epstopdf-sys.cfg
File: epstopdf-sys.cfg 2010/07/13 v1.3 Configuration of (r)epstopdf for TeX Liv
e
))
>>>>>>> b810515d4539959da4e5c4d8a808ed1d805260ae
Underfull \hbox (badness 10000) in paragraph at lines 15--16

 []

LaTeX Font Info:    Try loading font information for OMS+cmr on input line 24.
<<<<<<< HEAD
("C:\Program Files\MiKTeX 2.9\tex\latex\base\omscmr.fd"
=======
(/usr/share/texlive/texmf-dist/tex/latex/base/omscmr.fd
>>>>>>> b810515d4539959da4e5c4d8a808ed1d805260ae
File: omscmr.fd 1999/05/25 v2.5h Standard LaTeX font definitions
)
LaTeX Font Info:    Font shape `OMS/cmr/m/n' in size <10.95> not available
(Font)              Font shape `OMS/cmsy/m/n' tried instead on input line 24.
LaTeX Font Info:    Try loading font information for U+lasy on input line 24.

<<<<<<< HEAD
("C:\Program Files\MiKTeX 2.9\tex\latex\base\ulasy.fd"
=======
(/usr/share/texlive/texmf-dist/tex/latex/base/ulasy.fd
>>>>>>> b810515d4539959da4e5c4d8a808ed1d805260ae
File: ulasy.fd 1998/08/17 v2.2e LaTeX symbol font definitions
)
LaTeX Font Info:    Try loading font information for U+msa on input line 24.

<<<<<<< HEAD
("C:\Program Files\MiKTeX 2.9\tex\latex\amsfonts\umsa.fd"
=======
(/usr/share/texlive/texmf-dist/tex/latex/amsfonts/umsa.fd
>>>>>>> b810515d4539959da4e5c4d8a808ed1d805260ae
File: umsa.fd 2009/06/22 v3.00 AMS symbols A
)
LaTeX Font Info:    Try loading font information for U+msb on input line 24.

<<<<<<< HEAD
("C:\Program Files\MiKTeX 2.9\tex\latex\amsfonts\umsb.fd"
=======
(/usr/share/texlive/texmf-dist/tex/latex/amsfonts/umsb.fd
>>>>>>> b810515d4539959da4e5c4d8a808ed1d805260ae
File: umsb.fd 2009/06/22 v3.00 AMS symbols B
)
Underfull \hbox (badness 10000) in paragraph at lines 32--33

 []

<Q1PB.jpg, id=1, 819.06pt x 614.295pt>
File: Q1PB.jpg Graphic file (type jpg)
 <use Q1PB.jpg>
Package pdftex.def Info: Q1PB.jpg used on input line 33.
(pdftex.def)             Requested size: 227.62204pt x 170.71727pt.
 [1

<<<<<<< HEAD
{C:/ProgramData/MiKTeX/2.9/pdftex/config/pdftex.map} <C:/Users/Alisa/Documents/
GitHub/spring2013/hw1/Q1PB.jpg>] <nguyen-ming-2bi.pdf, id=12, 578.16pt x 433.62
pt>
File: nguyen-ming-2bi.pdf Graphic file (type pdf)

<use nguyen-ming-2bi.pdf>
Package pdftex.def Info: nguyen-ming-2bi.pdf used on input line 59.
(pdftex.def)             Requested size: 426.79134pt x 320.09303pt.
 [2 <C:/Users/Alisa/Documents/GitHub/spring2013/hw1/nguyen-ming-2bi.pdf>]
=======
{/var/lib/texmf/fonts/map/pdftex/updmap/pdftex.map} <./Q1PB.jpg>]
<nguyen-ming-2bi.pdf, id=13, 578.16pt x 433.62pt>
File: nguyen-ming-2bi.pdf Graphic file (type pdf)
 <use nguyen-ming-2bi.pdf>
Package pdftex.def Info: nguyen-ming-2bi.pdf used on input line 59.
(pdftex.def)             Requested size: 426.79134pt x 320.09303pt.

[2 <./nguyen-ming-2bi.pdf>]
>>>>>>> b810515d4539959da4e5c4d8a808ed1d805260ae
Underfull \hbox (badness 10000) in paragraph at lines 87--88

 []

<<<<<<< HEAD
<nguyen-ming-3D.pdf, id=56, 578.16pt x 433.62pt>
=======
<nguyen-ming-3D.pdf, id=57, 578.16pt x 433.62pt>
>>>>>>> b810515d4539959da4e5c4d8a808ed1d805260ae
File: nguyen-ming-3D.pdf Graphic file (type pdf)
 <use nguyen-ming-3D.pdf>
Package pdftex.def Info: nguyen-ming-3D.pdf used on input line 88.
(pdftex.def)             Requested size: 426.79134pt x 320.09303pt.

Overfull \hbox (11.45792pt too wide) detected at line 88
[]
 []

<<<<<<< HEAD
[3 <C:/Users/Alisa/Documents/GitHub/spring2013/hw1/nguyen-ming-3D.pdf>]
=======
[3 <./nguyen-ming-3D.pdf>]
>>>>>>> b810515d4539959da4e5c4d8a808ed1d805260ae
Underfull \hbox (badness 10000) in paragraph at lines 95--97

 []

File: nguyen-ming-3D.pdf Graphic file (type pdf)
<use nguyen-ming-3D.pdf>
Package pdftex.def Info: nguyen-ming-3D.pdf used on input line 98.
(pdftex.def)             Requested size: 426.79134pt x 320.09303pt.

Overfull \hbox (11.45792pt too wide) detected at line 98
[]
 []

<<<<<<< HEAD
<p4.jpg, id=102, 1321.93875pt x 1048.91875pt>
=======
<p4.jpg, id=103, 1321.93875pt x 1048.91875pt>
>>>>>>> b810515d4539959da4e5c4d8a808ed1d805260ae
File: p4.jpg Graphic file (type jpg)
 <use p4.jpg>
Package pdftex.def Info: p4.jpg used on input line 105.
(pdftex.def)             Requested size: 426.79134pt x 338.63782pt.
<<<<<<< HEAD
 [4] [5 <C:/Users/Alisa/Documents/GitHub/spring2013/hw1/p4.jpg>]
(C:\Users\Alisa\Documents\GitHub\spring2013\hw1\cs181hw1.aux) ) 
Here is how much of TeX's memory you used:
 2053 strings out of 494045
 25574 string characters out of 3148388
 82649 words of memory out of 3000000
 5340 multiletter control sequences out of 15000+200000
 8904 words of font info for 36 fonts, out of 3000000 for 9000
 715 hyphenation exceptions out of 8191
 27i,7n,24p,1410b,409s stack positions out of 5000i,500n,10000p,200000b,50000s
<C:/Program File
s/MiKTeX 2.9/fonts/type1/public/amsfonts/cm/cmmi10.pfb><C:/Program Files/MiKTeX
 2.9/fonts/type1/public/amsfonts/cm/cmmi8.pfb><C:/Program Files/MiKTeX 2.9/font
s/type1/public/amsfonts/cm/cmr10.pfb><C:/Program Files/MiKTeX 2.9/fonts/type1/p
ublic/amsfonts/cm/cmr12.pfb><C:/Program Files/MiKTeX 2.9/fonts/type1/public/ams
fonts/cm/cmr8.pfb><C:/Program Files/MiKTeX 2.9/fonts/type1/public/amsfonts/cm/c
msy10.pfb><C:/Program Files/MiKTeX 2.9/fonts/type1/public/amsfonts/cm/cmsy8.pfb
>
Output written on cs181hw1.pdf (5 pages, 974685 bytes).
PDF statistics:
 131 PDF objects out of 1000 (max. 8388607)
=======
 [4] [5 <./p4.jpg>]
(./cs181hw1.aux) ) 
Here is how much of TeX's memory you used:
 2411 strings out of 495059
 31922 string characters out of 3182031
 90973 words of memory out of 3000000
 5557 multiletter control sequences out of 15000+200000
 8904 words of font info for 36 fonts, out of 3000000 for 9000
 14 hyphenation exceptions out of 8191
 37i,7n,24p,1363b,412s stack positions out of 5000i,500n,10000p,200000b,50000s
</usr/share/texlive/texmf-dist/fonts/type1/public/amsfonts/cm
/cmmi10.pfb></usr/share/texlive/texmf-dist/fonts/type1/public/amsfonts/cm/cmmi8
.pfb></usr/share/texlive/texmf-dist/fonts/type1/public/amsfonts/cm/cmr10.pfb></
usr/share/texlive/texmf-dist/fonts/type1/public/amsfonts/cm/cmr12.pfb></usr/sha
re/texlive/texmf-dist/fonts/type1/public/amsfonts/cm/cmr8.pfb></usr/share/texli
ve/texmf-dist/fonts/type1/public/amsfonts/cm/cmsy10.pfb></usr/share/texlive/tex
mf-dist/fonts/type1/public/amsfonts/cm/cmsy8.pfb>
Output written on cs181hw1.pdf (5 pages, 964651 bytes).
PDF statistics:
 133 PDF objects out of 1000 (max. 8388607)
 43 compressed objects within 1 object stream
>>>>>>> b810515d4539959da4e5c4d8a808ed1d805260ae
 0 named destinations out of 1000 (max. 500000)
 21 words of extra memory for PDF output out of 10000 (max. 10000000)

